# JRE version: OpenJDK Runtime Environment (17.0.7) (build 17.0.7+0-b2043.56-10550314)
# Java VM: OpenJDK 64-Bit Server VM (17.0.7+0-b2043.56-10550314, mixed mode, tiered, compressed oops, compressed class ptrs, g1 gc, windows-amd64)
GC Precious Log:
 CPUs: 8 total, 8 available
 Memory: 6030M
 Large Page Support: Disabled
 NUMA Support: Disabled
 Compressed Oops: Enabled (32-bit)
 Heap Region Size: 1M
 Heap Min Capacity: 8M
 Heap Initial Capacity: 96M
 Heap Max Capacity: 2G
 Pre-touch: Disabled
 Parallel Workers: 8
 Concurrent Workers: 2
 Concurrent Refinement Workers: 8
 Periodic GC: Disabled
Heap:
 garbage-first heap   total 256000K, used 129884K [0x0000000080000000, 0x0000000100000000)
  region size 1024K, 1 young (1024K), 1 survivors (1024K)
 Metaspace       used 121369K, committed 122176K, reserved 1179648K
  class space    used 16802K, committed 17216K, reserved 1048576K
GC Heap History (20 events):
Event: 18.866 GC heap after
{Heap after GC invocations=52 (full 0):
 garbage-first heap   total 184320K, used 103394K [0x0000000080000000, 0x0000000100000000)
  region size 1024K, 7 young (7168K), 7 survivors (7168K)
 Metaspace       used 99099K, committed 99776K, reserved 1179648K
  class space    used 13556K, committed 13888K, reserved 1048576K
}
Event: 19.790 GC heap before
{Heap before GC invocations=53 (full 0):
 garbage-first heap   total 188416K, used 153570K [0x0000000080000000, 0x0000000100000000)
  region size 1024K, 51 young (52224K), 7 survivors (7168K)
 Metaspace       used 102145K, committed 102912K, reserved 1179648K
  class space    used 14009K, committed 14400K, reserved 1048576K
}
Event: 19.803 GC heap after
{Heap after GC invocations=54 (full 0):
 garbage-first heap   total 188416K, used 107988K [0x0000000080000000, 0x0000000100000000)
  region size 1024K, 5 young (5120K), 5 survivors (5120K)
 Metaspace       used 102145K, committed 102912K, reserved 1179648K
  class space    used 14009K, committed 14400K, reserved 1048576K
}
Event: 20.363 GC heap before
{Heap before GC invocations=54 (full 0):
 garbage-first heap   total 188416K, used 152020K [0x0000000080000000, 0x0000000100000000)
  region size 1024K, 49 young (50176K), 5 survivors (5120K)
 Metaspace       used 102434K, committed 103168K, reserved 1179648K
  class space    used 14023K, committed 14400K, reserved 1048576K
}
Event: 20.375 GC heap after
{Heap after GC invocations=55 (full 0):
 garbage-first heap   total 188416K, used 110823K [0x0000000080000000, 0x0000000100000000)
  region size 1024K, 4 young (4096K), 4 survivors (4096K)
 Metaspace       used 102434K, committed 103168K, reserved 1179648K
  class space    used 14023K, committed 14400K, reserved 1048576K
}
Event: 20.860 GC heap before
{Heap before GC invocations=56 (full 0):
 garbage-first heap   total 193536K, used 153831K [0x0000000080000000, 0x0000000100000000)
  region size 1024K, 47 young (48128K), 4 survivors (4096K)
 Metaspace       used 102887K, committed 103680K, reserved 1179648K
  class space    used 14052K, committed 14464K, reserved 1048576K
}
Event: 20.867 GC heap after
{Heap after GC invocations=57 (full 0):
 garbage-first heap   total 193536K, used 113521K [0x0000000080000000, 0x0000000100000000)
  region size 1024K, 6 young (6144K), 6 survivors (6144K)
 Metaspace       used 102887K, committed 103680K, reserved 1179648K
  class space    used 14052K, committed 14464K, reserved 1048576K
}
Event: 20.888 GC heap before
{Heap before GC invocations=57 (full 0):
 garbage-first heap   total 193536K, used 115569K [0x0000000080000000, 0x0000000100000000)
  region size 1024K, 9 young (9216K), 6 survivors (6144K)
 Metaspace       used 102889K, committed 103680K, reserved 1179648K
  class space    used 14052K, committed 14464K, reserved 1048576K
}
Event: 20.905 GC heap after
{Heap after GC invocations=58 (full 0):
 garbage-first heap   total 232448K, used 113829K [0x0000000080000000, 0x0000000100000000)
  region size 1024K, 1 young (1024K), 1 survivors (1024K)
 Metaspace       used 102889K, committed 103680K, reserved 1179648K
  class space    used 14052K, committed 14464K, reserved 1048576K
}
Event: 22.687 GC heap before
{Heap before GC invocations=58 (full 0):
 garbage-first heap   total 232448K, used 188581K [0x0000000080000000, 0x0000000100000000)
  region size 1024K, 75 young (76800K), 1 survivors (1024K)
 Metaspace       used 105341K, committed 106048K, reserved 1179648K
  class space    used 14361K, committed 14720K, reserved 1048576K
}
Event: 22.733 GC heap after
{Heap after GC invocations=59 (full 0):
 garbage-first heap   total 232448K, used 118212K [0x0000000080000000, 0x0000000100000000)
  region size 1024K, 6 young (6144K), 6 survivors (6144K)
 Metaspace       used 105341K, committed 106048K, reserved 1179648K
  class space    used 14361K, committed 14720K, reserved 1048576K
}
Event: 23.956 GC heap before
{Heap before GC invocations=60 (full 0):
 garbage-first heap   total 232448K, used 187844K [0x0000000080000000, 0x0000000100000000)
  region size 1024K, 75 young (76800K), 6 survivors (6144K)
 Metaspace       used 106845K, committed 107648K, reserved 1179648K
  class space    used 14549K, committed 14912K, reserved 1048576K
}
Event: 23.998 GC heap after
{Heap after GC invocations=61 (full 0):
 garbage-first heap   total 232448K, used 122755K [0x0000000080000000, 0x0000000100000000)
  region size 1024K, 5 young (5120K), 5 survivors (5120K)
 Metaspace       used 106845K, committed 107648K, reserved 1179648K
  class space    used 14549K, committed 14912K, reserved 1048576K
}
Event: 24.071 GC heap before
{Heap before GC invocations=61 (full 0):
 garbage-first heap   total 232448K, used 127875K [0x0000000080000000, 0x0000000100000000)
  region size 1024K, 11 young (11264K), 5 survivors (5120K)
 Metaspace       used 106977K, committed 107776K, reserved 1179648K
  class space    used 14569K, committed 14976K, reserved 1048576K
}
Event: 24.103 GC heap after
{Heap after GC invocations=62 (full 0):
 garbage-first heap   total 232448K, used 123003K [0x0000000080000000, 0x0000000100000000)
  region size 1024K, 1 young (1024K), 1 survivors (1024K)
 Metaspace       used 106977K, committed 107776K, reserved 1179648K
  class space    used 14569K, committed 14976K, reserved 1048576K
}
Event: 30.819 GC heap before
{Heap before GC invocations=62 (full 0):
 garbage-first heap   total 232448K, used 191611K [0x0000000080000000, 0x0000000100000000)
  region size 1024K, 69 young (70656K), 1 survivors (1024K)
 Metaspace       used 110939K, committed 111680K, reserved 1179648K
  class space    used 15165K, committed 15552K, reserved 1048576K
}
Event: 30.835 GC heap after
{Heap after GC invocations=63 (full 0):
 garbage-first heap   total 232448K, used 127847K [0x0000000080000000, 0x0000000100000000)
  region size 1024K, 6 young (6144K), 6 survivors (6144K)
 Metaspace       used 110939K, committed 111680K, reserved 1179648K
  class space    used 15165K, committed 15552K, reserved 1048576K
}
Event: 31.954 GC heap before
{Heap before GC invocations=64 (full 0):
 garbage-first heap   total 256000K, used 190311K [0x0000000080000000, 0x0000000100000000)
  region size 1024K, 68 young (69632K), 6 survivors (6144K)
 Metaspace       used 119976K, committed 120768K, reserved 1179648K
  class space    used 16558K, committed 16960K, reserved 1048576K
}
Event: 31.971 GC heap after
{Heap after GC invocations=65 (full 0):
 garbage-first heap   total 256000K, used 129862K [0x0000000080000000, 0x0000000100000000)
  region size 1024K, 2 young (2048K), 2 survivors (2048K)
 Metaspace       used 119976K, committed 120768K, reserved 1179648K
  class space    used 16558K, committed 16960K, reserved 1048576K
}
Event: 32.337 GC heap before
{Heap before GC invocations=65 (full 0):
 garbage-first heap   total 256000K, used 139078K [0x0000000080000000, 0x0000000100000000)
  region size 1024K, 12 young (12288K), 2 survivors (2048K)
 Metaspace       used 121369K, committed 122176K, reserved 1179648K
  class space    used 16802K, committed 17216K, reserved 1048576K
}

