# JRE version: OpenJDK Runtime Environment (17.0.7) (build 17.0.7+0-b2043.56-10550314)
# Java VM: OpenJDK 64-Bit Server VM (17.0.7+0-b2043.56-10550314, mixed mode, tiered, compressed oops, compressed class ptrs, g1 gc, windows-amd64)
GC Precious Log:
 CPUs: 8 total, 8 available
 Memory: 6030M
 Large Page Support: Disabled
 NUMA Support: Disabled
 Compressed Oops: Enabled (32-bit)
 Heap Region Size: 1M
 Heap Min Capacity: 8M
 Heap Initial Capacity: 96M
 Heap Max Capacity: 1508M
 Pre-touch: Disabled
 Parallel Workers: 8
 Concurrent Workers: 2
 Concurrent Refinement Workers: 8
 Periodic GC: Disabled
Heap:
 garbage-first heap   total 65536K, used 34420K [0x00000000a1c00000, 0x0000000100000000)
  region size 1024K, 21 young (21504K), 4 survivors (4096K)
 Metaspace       used 39217K, committed 39424K, reserved 1114112K
  class space    used 4734K, committed 4864K, reserved 1048576K
GC Heap History (18 events):
Event: 1.091 GC heap before
{Heap before GC invocations=0 (full 0):
 garbage-first heap   total 98304K, used 27648K [0x00000000a1c00000, 0x0000000100000000)
  region size 1024K, 23 young (23552K), 0 survivors (0K)
 Metaspace       used 14512K, committed 14656K, reserved 1114112K
  class space    used 1445K, committed 1536K, reserved 1048576K
}
Event: 1.098 GC heap after
{Heap after GC invocations=1 (full 0):
 garbage-first heap   total 98304K, used 6989K [0x00000000a1c00000, 0x0000000100000000)
  region size 1024K, 3 young (3072K), 3 survivors (3072K)
 Metaspace       used 14512K, committed 14656K, reserved 1114112K
  class space    used 1445K, committed 1536K, reserved 1048576K
}
Event: 1.664 GC heap before
{Heap before GC invocations=1 (full 0):
 garbage-first heap   total 98304K, used 26445K [0x00000000a1c00000, 0x0000000100000000)
  region size 1024K, 23 young (23552K), 3 survivors (3072K)
 Metaspace       used 21341K, committed 21504K, reserved 1114112K
  class space    used 2414K, committed 2496K, reserved 1048576K
}
Event: 1.671 GC heap after
{Heap after GC invocations=2 (full 0):
 garbage-first heap   total 98304K, used 7769K [0x00000000a1c00000, 0x0000000100000000)
  region size 1024K, 1 young (1024K), 1 survivors (1024K)
 Metaspace       used 21341K, committed 21504K, reserved 1114112K
  class space    used 2414K, committed 2496K, reserved 1048576K
}
Event: 1.974 GC heap before
{Heap before GC invocations=3 (full 0):
 garbage-first heap   total 30720K, used 25177K [0x00000000a1c00000, 0x0000000100000000)
  region size 1024K, 17 young (17408K), 1 survivors (1024K)
 Metaspace       used 22900K, committed 23104K, reserved 1114112K
  class space    used 2779K, committed 2880K, reserved 1048576K
}
Event: 1.985 GC heap after
{Heap after GC invocations=4 (full 0):
 garbage-first heap   total 31744K, used 13752K [0x00000000a1c00000, 0x0000000100000000)
  region size 1024K, 3 young (3072K), 3 survivors (3072K)
 Metaspace       used 22900K, committed 23104K, reserved 1114112K
  class space    used 2779K, committed 2880K, reserved 1048576K
}
Event: 1.993 GC heap before
{Heap before GC invocations=4 (full 0):
 garbage-first heap   total 31744K, used 14776K [0x00000000a1c00000, 0x0000000100000000)
  region size 1024K, 4 young (4096K), 3 survivors (3072K)
 Metaspace       used 22900K, committed 23104K, reserved 1114112K
  class space    used 2779K, committed 2880K, reserved 1048576K
}
Event: 2.000 GC heap after
{Heap after GC invocations=5 (full 0):
 garbage-first heap   total 31744K, used 14947K [0x00000000a1c00000, 0x0000000100000000)
  region size 1024K, 1 young (1024K), 1 survivors (1024K)
 Metaspace       used 22900K, committed 23104K, reserved 1114112K
  class space    used 2779K, committed 2880K, reserved 1048576K
}
Event: 2.322 GC heap before
{Heap before GC invocations=5 (full 0):
 garbage-first heap   total 31744K, used 21091K [0x00000000a1c00000, 0x0000000100000000)
  region size 1024K, 8 young (8192K), 1 survivors (1024K)
 Metaspace       used 25047K, committed 25216K, reserved 1114112K
  class space    used 3243K, committed 3328K, reserved 1048576K
}
Event: 2.328 GC heap after
{Heap after GC invocations=6 (full 0):
 garbage-first heap   total 31744K, used 15904K [0x00000000a1c00000, 0x0000000100000000)
  region size 1024K, 1 young (1024K), 1 survivors (1024K)
 Metaspace       used 25047K, committed 25216K, reserved 1114112K
  class space    used 3243K, committed 3328K, reserved 1048576K
}
Event: 2.499 GC heap before
{Heap before GC invocations=7 (full 0):
 garbage-first heap   total 31744K, used 22048K [0x00000000a1c00000, 0x0000000100000000)
  region size 1024K, 7 young (7168K), 1 survivors (1024K)
 Metaspace       used 27168K, committed 27392K, reserved 1114112K
  class space    used 3483K, committed 3584K, reserved 1048576K
}
Event: 2.503 GC heap after
{Heap after GC invocations=8 (full 0):
 garbage-first heap   total 31744K, used 16003K [0x00000000a1c00000, 0x0000000100000000)
  region size 1024K, 1 young (1024K), 1 survivors (1024K)
 Metaspace       used 27168K, committed 27392K, reserved 1114112K
  class space    used 3483K, committed 3584K, reserved 1048576K
}
Event: 2.718 GC heap before
{Heap before GC invocations=8 (full 0):
 garbage-first heap   total 31744K, used 21123K [0x00000000a1c00000, 0x0000000100000000)
  region size 1024K, 7 young (7168K), 1 survivors (1024K)
 Metaspace       used 28149K, committed 28288K, reserved 1114112K
  class space    used 3588K, committed 3648K, reserved 1048576K
}
Event: 2.722 GC heap after
{Heap after GC invocations=9 (full 0):
 garbage-first heap   total 31744K, used 14878K [0x00000000a1c00000, 0x0000000100000000)
  region size 1024K, 1 young (1024K), 1 survivors (1024K)
 Metaspace       used 28149K, committed 28288K, reserved 1114112K
  class space    used 3588K, committed 3648K, reserved 1048576K
}
Event: 3.001 GC heap before
{Heap before GC invocations=10 (full 0):
 garbage-first heap   total 31744K, used 21022K [0x00000000a1c00000, 0x0000000100000000)
  region size 1024K, 8 young (8192K), 1 survivors (1024K)
 Metaspace       used 29624K, committed 29760K, reserved 1114112K
  class space    used 3769K, committed 3840K, reserved 1048576K
}
Event: 3.007 GC heap after
{Heap after GC invocations=11 (full 0):
 garbage-first heap   total 65536K, used 15726K [0x00000000a1c00000, 0x0000000100000000)
  region size 1024K, 1 young (1024K), 1 survivors (1024K)
 Metaspace       used 29624K, committed 29760K, reserved 1114112K
  class space    used 3769K, committed 3840K, reserved 1048576K
}
Event: 3.907 GC heap before
{Heap before GC invocations=11 (full 0):
 garbage-first heap   total 65536K, used 42350K [0x00000000a1c00000, 0x0000000100000000)
  region size 1024K, 27 young (27648K), 1 survivors (1024K)
 Metaspace       used 34895K, committed 35072K, reserved 1114112K
  class space    used 4251K, committed 4352K, reserved 1048576K
}
Event: 3.921 GC heap after
{Heap after GC invocations=12 (full 0):
 garbage-first heap   total 65536K, used 19060K [0x00000000a1c00000, 0x0000000100000000)
  region size 1024K, 4 young (4096K), 4 survivors (4096K)
 Metaspace       used 34895K, committed 35072K, reserved 1114112K
  class space    used 4251K, committed 4352K, reserved 1048576K
}

