# JRE version: OpenJDK Runtime Environment (17.0.7) (build 17.0.7+0-b2043.56-10550314)
# Java VM: OpenJDK 64-Bit Server VM (17.0.7+0-b2043.56-10550314, mixed mode, tiered, compressed oops, compressed class ptrs, g1 gc, windows-amd64)
GC Precious Log:
 CPUs: 8 total, 8 available
 Memory: 6030M
 Large Page Support: Disabled
 NUMA Support: Disabled
 Compressed Oops: Enabled (32-bit)
 Heap Region Size: 1M
 Heap Min Capacity: 8M
 Heap Initial Capacity: 96M
 Heap Max Capacity: 2G
 Pre-touch: Disabled
 Parallel Workers: 8
 Concurrent Workers: 2
 Concurrent Refinement Workers: 8
 Periodic GC: Disabled
Heap:
 garbage-first heap   total 460800K, used 229389K [0x0000000080000000, 0x0000000100000000)
  region size 1024K, 11 young (11264K), 11 survivors (11264K)
 Metaspace       used 176893K, committed 178112K, reserved 1245184K
  class space    used 23627K, committed 24256K, reserved 1048576K
GC Heap History (20 events):
Event: 2094.548 GC heap after
{Heap after GC invocations=62 (full 0):
 garbage-first heap   total 333824K, used 161407K [0x0000000080000000, 0x0000000100000000)
  region size 1024K, 5 young (5120K), 5 survivors (5120K)
 Metaspace       used 138029K, committed 139072K, reserved 1179648K
  class space    used 18554K, committed 19072K, reserved 1048576K
}
Event: 2098.825 GC heap before
{Heap before GC invocations=62 (full 0):
 garbage-first heap   total 333824K, used 259711K [0x0000000080000000, 0x0000000100000000)
  region size 1024K, 78 young (79872K), 5 survivors (5120K)
 Metaspace       used 141236K, committed 142464K, reserved 1179648K
  class space    used 19053K, committed 19648K, reserved 1048576K
}
Event: 2098.871 GC heap after
{Heap after GC invocations=63 (full 0):
 garbage-first heap   total 333824K, used 197178K [0x0000000080000000, 0x0000000100000000)
  region size 1024K, 10 young (10240K), 10 survivors (10240K)
 Metaspace       used 141236K, committed 142464K, reserved 1179648K
  class space    used 19053K, committed 19648K, reserved 1048576K
}
Event: 2099.192 GC heap before
{Heap before GC invocations=63 (full 0):
 garbage-first heap   total 333824K, used 208442K [0x0000000080000000, 0x0000000100000000)
  region size 1024K, 21 young (21504K), 10 survivors (10240K)
 Metaspace       used 143799K, committed 145024K, reserved 1179648K
  class space    used 19848K, committed 20416K, reserved 1048576K
}
Event: 2099.240 GC heap after
{Heap after GC invocations=64 (full 0):
 garbage-first heap   total 333824K, used 197785K [0x0000000080000000, 0x0000000100000000)
  region size 1024K, 1 young (1024K), 1 survivors (1024K)
 Metaspace       used 143799K, committed 145024K, reserved 1179648K
  class space    used 19848K, committed 20416K, reserved 1048576K
}
Event: 2101.995 GC heap before
{Heap before GC invocations=64 (full 0):
 garbage-first heap   total 333824K, used 293017K [0x0000000080000000, 0x0000000100000000)
  region size 1024K, 83 young (84992K), 1 survivors (1024K)
 Metaspace       used 153394K, committed 154752K, reserved 1245184K
  class space    used 21039K, committed 21696K, reserved 1048576K
}
Event: 2102.013 GC heap after
{Heap after GC invocations=65 (full 0):
 garbage-first heap   total 333824K, used 213107K [0x0000000080000000, 0x0000000100000000)
  region size 1024K, 5 young (5120K), 5 survivors (5120K)
 Metaspace       used 153394K, committed 154752K, reserved 1245184K
  class space    used 21039K, committed 21696K, reserved 1048576K
}
Event: 2102.831 GC heap before
{Heap before GC invocations=65 (full 0):
 garbage-first heap   total 333824K, used 282739K [0x0000000080000000, 0x0000000100000000)
  region size 1024K, 74 young (75776K), 5 survivors (5120K)
 Metaspace       used 153576K, committed 154880K, reserved 1245184K
  class space    used 21044K, committed 21696K, reserved 1048576K
}
Event: 2102.917 GC heap after
{Heap after GC invocations=66 (full 0):
 garbage-first heap   total 333824K, used 227996K [0x0000000080000000, 0x0000000100000000)
  region size 1024K, 10 young (10240K), 10 survivors (10240K)
 Metaspace       used 153576K, committed 154880K, reserved 1245184K
  class space    used 21044K, committed 21696K, reserved 1048576K
}
Event: 2103.241 GC heap before
{Heap before GC invocations=66 (full 0):
 garbage-first heap   total 333824K, used 237212K [0x0000000080000000, 0x0000000100000000)
  region size 1024K, 19 young (19456K), 10 survivors (10240K)
 Metaspace       used 153577K, committed 154880K, reserved 1245184K
  class space    used 21044K, committed 21696K, reserved 1048576K
}
Event: 2103.271 GC heap after
{Heap after GC invocations=67 (full 0):
 garbage-first heap   total 333824K, used 231351K [0x0000000080000000, 0x0000000100000000)
  region size 1024K, 3 young (3072K), 3 survivors (3072K)
 Metaspace       used 153577K, committed 154880K, reserved 1245184K
  class space    used 21044K, committed 21696K, reserved 1048576K
}
Event: 2104.122 GC heap before
{Heap before GC invocations=67 (full 0):
 garbage-first heap   total 333824K, used 258999K [0x0000000080000000, 0x0000000100000000)
  region size 1024K, 31 young (31744K), 3 survivors (3072K)
 Metaspace       used 155946K, committed 157248K, reserved 1245184K
  class space    used 21339K, committed 22016K, reserved 1048576K
}
Event: 2104.184 GC heap after
{Heap after GC invocations=68 (full 0):
 garbage-first heap   total 333824K, used 232604K [0x0000000080000000, 0x0000000100000000)
  region size 1024K, 5 young (5120K), 5 survivors (5120K)
 Metaspace       used 155946K, committed 157248K, reserved 1245184K
  class space    used 21339K, committed 22016K, reserved 1048576K
}
Event: 2106.076 GC heap before
{Heap before GC invocations=68 (full 0):
 garbage-first heap   total 460800K, used 276636K [0x0000000080000000, 0x0000000100000000)
  region size 1024K, 45 young (46080K), 5 survivors (5120K)
 Metaspace       used 158815K, committed 160256K, reserved 1245184K
  class space    used 21617K, committed 22272K, reserved 1048576K
}
Event: 2106.145 GC heap after
{Heap after GC invocations=69 (full 0):
 garbage-first heap   total 460800K, used 240359K [0x0000000080000000, 0x0000000100000000)
  region size 1024K, 6 young (6144K), 6 survivors (6144K)
 Metaspace       used 158815K, committed 160256K, reserved 1245184K
  class space    used 21617K, committed 22272K, reserved 1048576K
}
Event: 2109.116 GC heap before
{Heap before GC invocations=70 (full 0):
 garbage-first heap   total 460800K, used 339687K [0x0000000080000000, 0x0000000100000000)
  region size 1024K, 103 young (105472K), 6 survivors (6144K)
 Metaspace       used 170655K, committed 171840K, reserved 1245184K
  class space    used 22957K, committed 23552K, reserved 1048576K
}
Event: 2109.133 GC heap after
{Heap after GC invocations=71 (full 0):
 garbage-first heap   total 460800K, used 245883K [0x0000000080000000, 0x0000000100000000)
  region size 1024K, 12 young (12288K), 12 survivors (12288K)
 Metaspace       used 170655K, committed 171840K, reserved 1245184K
  class space    used 22957K, committed 23552K, reserved 1048576K
}
Event: 2109.314 GC heap before
{Heap before GC invocations=71 (full 0):
 garbage-first heap   total 460800K, used 257147K [0x0000000080000000, 0x0000000100000000)
  region size 1024K, 22 young (22528K), 12 survivors (12288K)
 Metaspace       used 171502K, committed 172736K, reserved 1245184K
  class space    used 23056K, committed 23680K, reserved 1048576K
}
Event: 2109.411 GC heap after
{Heap after GC invocations=72 (full 0):
 garbage-first heap   total 460800K, used 221055K [0x0000000080000000, 0x0000000100000000)
  region size 1024K, 3 young (3072K), 3 survivors (3072K)
 Metaspace       used 171502K, committed 172736K, reserved 1245184K
  class space    used 23056K, committed 23680K, reserved 1048576K
}
Event: 2112.059 GC heap before
{Heap before GC invocations=72 (full 0):
 garbage-first heap   total 460800K, used 349055K [0x0000000080000000, 0x0000000100000000)
  region size 1024K, 128 young (131072K), 3 survivors (3072K)
 Metaspace       used 176893K, committed 178112K, reserved 1245184K
  class space    used 23627K, committed 24256K, reserved 1048576K
}

