# JRE version: OpenJDK Runtime Environment (17.0.7) (build 17.0.7+0-b2043.56-10550314)
# Java VM: OpenJDK 64-Bit Server VM (17.0.7+0-b2043.56-10550314, mixed mode, tiered, compressed oops, compressed class ptrs, g1 gc, windows-amd64)
GC Precious Log:
 CPUs: 8 total, 8 available
 Memory: 6030M
 Large Page Support: Disabled
 NUMA Support: Disabled
 Compressed Oops: Enabled (32-bit)
 Heap Region Size: 1M
 Heap Min Capacity: 8M
 Heap Initial Capacity: 96M
 Heap Max Capacity: 2G
 Pre-touch: Disabled
 Parallel Workers: 8
 Concurrent Workers: 2
 Concurrent Refinement Workers: 8
 Periodic GC: Disabled
Heap:
 garbage-first heap   total 309248K, used 157843K [0x0000000080000000, 0x0000000100000000)
  region size 1024K, 4 young (4096K), 4 survivors (4096K)
 Metaspace       used 139115K, committed 140224K, reserved 1179648K
  class space    used 19128K, committed 19712K, reserved 1048576K
GC Heap History (20 events):
Event: 279.464 GC heap after
{Heap after GC invocations=49 (full 0):
 garbage-first heap   total 297984K, used 150782K [0x0000000080000000, 0x0000000100000000)
  region size 1024K, 2 young (2048K), 2 survivors (2048K)
 Metaspace       used 135636K, committed 136576K, reserved 1179648K
  class space    used 18876K, committed 19328K, reserved 1048576K
}
Event: 288.813 GC heap before
{Heap before GC invocations=49 (full 0):
 garbage-first heap   total 297984K, used 211198K [0x0000000080000000, 0x0000000100000000)
  region size 1024K, 63 young (64512K), 2 survivors (2048K)
 Metaspace       used 136192K, committed 137088K, reserved 1179648K
  class space    used 18908K, committed 19392K, reserved 1048576K
}
Event: 288.915 GC heap after
{Heap after GC invocations=50 (full 0):
 garbage-first heap   total 297984K, used 153963K [0x0000000080000000, 0x0000000100000000)
  region size 1024K, 5 young (5120K), 5 survivors (5120K)
 Metaspace       used 136192K, committed 137088K, reserved 1179648K
  class space    used 18908K, committed 19392K, reserved 1048576K
}
Event: 299.021 GC heap before
{Heap before GC invocations=51 (full 0):
 garbage-first heap   total 297984K, used 257387K [0x0000000080000000, 0x0000000100000000)
  region size 1024K, 94 young (96256K), 5 survivors (5120K)
 Metaspace       used 136657K, committed 137728K, reserved 1179648K
  class space    used 18931K, committed 19456K, reserved 1048576K
}
Event: 299.066 GC heap after
{Heap after GC invocations=52 (full 0):
 garbage-first heap   total 297984K, used 159783K [0x0000000080000000, 0x0000000100000000)
  region size 1024K, 12 young (12288K), 12 survivors (12288K)
 Metaspace       used 136657K, committed 137728K, reserved 1179648K
  class space    used 18931K, committed 19456K, reserved 1048576K
}
Event: 299.167 GC heap before
{Heap before GC invocations=52 (full 0):
 garbage-first heap   total 297984K, used 161831K [0x0000000080000000, 0x0000000100000000)
  region size 1024K, 14 young (14336K), 12 survivors (12288K)
 Metaspace       used 136678K, committed 137728K, reserved 1179648K
  class space    used 18935K, committed 19456K, reserved 1048576K
}
Event: 299.233 GC heap after
{Heap after GC invocations=53 (full 0):
 garbage-first heap   total 297984K, used 152917K [0x0000000080000000, 0x0000000100000000)
  region size 1024K, 2 young (2048K), 2 survivors (2048K)
 Metaspace       used 136678K, committed 137728K, reserved 1179648K
  class space    used 18935K, committed 19456K, reserved 1048576K
}
Event: 312.935 GC heap before
{Heap before GC invocations=53 (full 0):
 garbage-first heap   total 297984K, used 244053K [0x0000000080000000, 0x0000000100000000)
  region size 1024K, 91 young (93184K), 2 survivors (2048K)
 Metaspace       used 137080K, committed 138112K, reserved 1179648K
  class space    used 18972K, committed 19520K, reserved 1048576K
}
Event: 312.947 GC heap after
{Heap after GC invocations=54 (full 0):
 garbage-first heap   total 297984K, used 160869K [0x0000000080000000, 0x0000000100000000)
  region size 1024K, 10 young (10240K), 10 survivors (10240K)
 Metaspace       used 137080K, committed 138112K, reserved 1179648K
  class space    used 18972K, committed 19520K, reserved 1048576K
}
Event: 515.195 GC heap before
{Heap before GC invocations=55 (full 0):
 garbage-first heap   total 297984K, used 257125K [0x0000000080000000, 0x0000000100000000)
  region size 1024K, 91 young (93184K), 10 survivors (10240K)
 Metaspace       used 137371K, committed 138496K, reserved 1179648K
  class space    used 18989K, committed 19520K, reserved 1048576K
}
Event: 515.365 GC heap after
{Heap after GC invocations=56 (full 0):
 garbage-first heap   total 297984K, used 165055K [0x0000000080000000, 0x0000000100000000)
  region size 1024K, 5 young (5120K), 5 survivors (5120K)
 Metaspace       used 137371K, committed 138496K, reserved 1179648K
  class space    used 18989K, committed 19520K, reserved 1048576K
}
Event: 516.090 GC heap before
{Heap before GC invocations=56 (full 0):
 garbage-first heap   total 297984K, used 174271K [0x0000000080000000, 0x0000000100000000)
  region size 1024K, 14 young (14336K), 5 survivors (5120K)
 Metaspace       used 137424K, committed 138496K, reserved 1179648K
  class space    used 18989K, committed 19520K, reserved 1048576K
}
Event: 516.180 GC heap after
{Heap after GC invocations=57 (full 0):
 garbage-first heap   total 297984K, used 154960K [0x0000000080000000, 0x0000000100000000)
  region size 1024K, 2 young (2048K), 2 survivors (2048K)
 Metaspace       used 137424K, committed 138496K, reserved 1179648K
  class space    used 18989K, committed 19520K, reserved 1048576K
}
Event: 523.864 GC heap before
{Heap before GC invocations=57 (full 0):
 garbage-first heap   total 297984K, used 242000K [0x0000000080000000, 0x0000000100000000)
  region size 1024K, 88 young (90112K), 2 survivors (2048K)
 Metaspace       used 138470K, committed 139584K, reserved 1179648K
  class space    used 19111K, committed 19648K, reserved 1048576K
}
Event: 523.900 GC heap after
{Heap after GC invocations=58 (full 0):
 garbage-first heap   total 297984K, used 163445K [0x0000000080000000, 0x0000000100000000)
  region size 1024K, 11 young (11264K), 11 survivors (11264K)
 Metaspace       used 138470K, committed 139584K, reserved 1179648K
  class space    used 19111K, committed 19648K, reserved 1048576K
}
Event: 684.802 GC heap before
{Heap before GC invocations=59 (full 0):
 garbage-first heap   total 309248K, used 252533K [0x0000000080000000, 0x0000000100000000)
  region size 1024K, 89 young (91136K), 11 survivors (11264K)
 Metaspace       used 138882K, committed 140032K, reserved 1179648K
  class space    used 19124K, committed 19712K, reserved 1048576K
}
Event: 684.969 GC heap after
{Heap after GC invocations=60 (full 0):
 garbage-first heap   total 309248K, used 166571K [0x0000000080000000, 0x0000000100000000)
  region size 1024K, 9 young (9216K), 9 survivors (9216K)
 Metaspace       used 138882K, committed 140032K, reserved 1179648K
  class space    used 19124K, committed 19712K, reserved 1048576K
}
Event: 685.205 GC heap before
{Heap before GC invocations=60 (full 0):
 garbage-first heap   total 309248K, used 172715K [0x0000000080000000, 0x0000000100000000)
  region size 1024K, 15 young (15360K), 9 survivors (9216K)
 Metaspace       used 138884K, committed 140032K, reserved 1179648K
  class space    used 19124K, committed 19712K, reserved 1048576K
}
Event: 685.329 GC heap after
{Heap after GC invocations=61 (full 0):
 garbage-first heap   total 309248K, used 155945K [0x0000000080000000, 0x0000000100000000)
  region size 1024K, 2 young (2048K), 2 survivors (2048K)
 Metaspace       used 138884K, committed 140032K, reserved 1179648K
  class space    used 19124K, committed 19712K, reserved 1048576K
}
Event: 693.191 GC heap before
{Heap before GC invocations=61 (full 0):
 garbage-first heap   total 309248K, used 206121K [0x0000000080000000, 0x0000000100000000)
  region size 1024K, 53 young (54272K), 2 survivors (2048K)
 Metaspace       used 139115K, committed 140224K, reserved 1179648K
  class space    used 19128K, committed 19712K, reserved 1048576K
}

